Added Component: Designator=*(ESP32 DEVKIT)
Added Component: Designator=BT1(Nut Nhan 4 Chan Cam 6x6)
Add component (AddParameter): Name = "Ma_Hang"; Value = "MH004584"; VariantName = "[No Variations]"
Add component (AddParameter): Name = "Ten"; Value = "Nút Nh?n 4 Chân 6x6x5MM DIP"; VariantName = "[No Variations]"
Added Component: Designator=BT2(Nut Nhan 4 Chan Cam 6x6)
Add component (AddParameter): Name = "Ma_Hang"; Value = "MH004584"; VariantName = "[No Variations]"
Add component (AddParameter): Name = "Ten"; Value = "Nút Nh?n 4 Chân 6x6x5MM DIP"; VariantName = "[No Variations]"
Added Component: Designator=BT3(Nut Nhan 4 Chan Cam 6x6)
Add component (AddParameter): Name = "Ma_Hang"; Value = "MH004584"; VariantName = "[No Variations]"
Add component (AddParameter): Name = "Ten"; Value = "Nút Nh?n 4 Chân 6x6x5MM DIP"; VariantName = "[No Variations]"
Added Component: Designator=BT4(Nut Nhan 4 Chan Cam 6x6)
Add component (AddParameter): Name = "Ma_Hang"; Value = "MH004584"; VariantName = "[No Variations]"
Add component (AddParameter): Name = "Ten"; Value = "Nút Nh?n 4 Chân 6x6x5MM DIP"; VariantName = "[No Variations]"
Added Component: Designator=BT5(Nut Nhan 4 Chan Cam 6x6)
Add component (AddParameter): Name = "Ma_Hang"; Value = "MH004584"; VariantName = "[No Variations]"
Add component (AddParameter): Name = "Ten"; Value = "Nút Nh?n 4 Chân 6x6x5MM DIP"; VariantName = "[No Variations]"
Added Component: Designator=C1(CP1.5/3.4)
Add component (AddParameter): Name = "Description 1"; Value = "1000uF/6,3V - 470uF/16V - 330uF - 25V"; VariantName = "[No Variations]"
Add component (AddParameter): Name = "Description 2"; Value = "220uF/35V - 100uF/50V - 63V - 4,7uF/200V"; VariantName = "[No Variations]"
Add component (AddParameter): Name = "Description 3"; Value = "22uF => 33uF100V - 3,3uF => 4,7uF/250V"; VariantName = "[No Variations]"
Add component (AddParameter): Name = "Description 4"; Value = "2,2uF =>3,3uF/350 - 2,2uF/400V - 1uF/450V"; VariantName = "[No Variations]"
Add component (AddParameter): Name = "Value"; Value = "100uF/35V/50V"; VariantName = "[No Variations]"
Added Component: Designator=D1(DO-214AC)
Add component (AddParameter): Name = "Value"; Value = "1N4007"; VariantName = "[No Variations]"
Added Component: Designator=D2(DO-214AC)
Add component (AddParameter): Name = "Value"; Value = "1N4007"; VariantName = "[No Variations]"
Added Component: Designator=D3(DO-214AC)
Add component (AddParameter): Name = "Value"; Value = "1N4007"; VariantName = "[No Variations]"
Added Component: Designator=D4(DO-214AC)
Add component (AddParameter): Name = "Value"; Value = "1N4007"; VariantName = "[No Variations]"
Added Component: Designator=D5(DO-214AC)
Add component (AddParameter): Name = "Value"; Value = "1N4007"; VariantName = "[No Variations]"
Added Component: Designator=F1(Fuse)
Add component (AddParameter): Name = "Designed by"; Value = "VanDungEvn"; VariantName = "[No Variations]"
Add component (AddParameter): Name = "Value"; Value = "Fuse"; VariantName = "[No Variations]"
Added Component: Designator=H1(XH2.54M-4)
Add component (AddParameter): Name = "Chung_Loai"; Value = "C?m"; VariantName = "[No Variations]"
Add component (AddParameter): Name = "Don_Vi"; Value = "Con"; VariantName = "[No Variations]"
Add component (AddParameter): Name = "Ghi_Chu"; Value = ""; VariantName = "[No Variations]"
Add component (AddParameter): Name = "Kieu_Chan"; Value = ""; VariantName = "[No Variations]"
Add component (AddParameter): Name = "Ma_Hang"; Value = "MH001285"; VariantName = "[No Variations]"
Add component (AddParameter): Name = "Ten_Linh_Kien"; Value = "Header 4P XH2.54-4P Ð?c Th?ng"; VariantName = "[No Variations]"
Added Component: Designator=H2(XH2.54M-4)
Add component (AddParameter): Name = "Chung_Loai"; Value = "C?m"; VariantName = "[No Variations]"
Add component (AddParameter): Name = "Don_Vi"; Value = "Con"; VariantName = "[No Variations]"
Add component (AddParameter): Name = "Ghi_Chu"; Value = ""; VariantName = "[No Variations]"
Add component (AddParameter): Name = "Kieu_Chan"; Value = ""; VariantName = "[No Variations]"
Add component (AddParameter): Name = "Ma_Hang"; Value = "MH001285"; VariantName = "[No Variations]"
Add component (AddParameter): Name = "Ten_Linh_Kien"; Value = "Header 4P XH2.54-4P Ð?c Th?ng"; VariantName = "[No Variations]"
Added Component: Designator=H3(XH2.54M-4)
Add component (AddParameter): Name = "Chung_Loai"; Value = "C?m"; VariantName = "[No Variations]"
Add component (AddParameter): Name = "Don_Vi"; Value = "Con"; VariantName = "[No Variations]"
Add component (AddParameter): Name = "Ghi_Chu"; Value = ""; VariantName = "[No Variations]"
Add component (AddParameter): Name = "Kieu_Chan"; Value = ""; VariantName = "[No Variations]"
Add component (AddParameter): Name = "Ma_Hang"; Value = "MH001285"; VariantName = "[No Variations]"
Add component (AddParameter): Name = "Ten_Linh_Kien"; Value = "Header 4P XH2.54-4P Ð?c Th?ng"; VariantName = "[No Variations]"
Added Component: Designator=H4(XH2.54M-4)
Add component (AddParameter): Name = "Chung_Loai"; Value = "C?m"; VariantName = "[No Variations]"
Add component (AddParameter): Name = "Don_Vi"; Value = "Con"; VariantName = "[No Variations]"
Add component (AddParameter): Name = "Ghi_Chu"; Value = ""; VariantName = "[No Variations]"
Add component (AddParameter): Name = "Kieu_Chan"; Value = ""; VariantName = "[No Variations]"
Add component (AddParameter): Name = "Ma_Hang"; Value = "MH001285"; VariantName = "[No Variations]"
Add component (AddParameter): Name = "Ten_Linh_Kien"; Value = "Header 4P XH2.54-4P Ð?c Th?ng"; VariantName = "[No Variations]"
Added Component: Designator=H5(XH2.54M-4)
Add component (AddParameter): Name = "Chung_Loai"; Value = "C?m"; VariantName = "[No Variations]"
Add component (AddParameter): Name = "Don_Vi"; Value = "Con"; VariantName = "[No Variations]"
Add component (AddParameter): Name = "Ghi_Chu"; Value = ""; VariantName = "[No Variations]"
Add component (AddParameter): Name = "Kieu_Chan"; Value = ""; VariantName = "[No Variations]"
Add component (AddParameter): Name = "Ma_Hang"; Value = "MH001285"; VariantName = "[No Variations]"
Add component (AddParameter): Name = "Ten_Linh_Kien"; Value = "Header 4P XH2.54-4P Ð?c Th?ng"; VariantName = "[No Variations]"
Added Component: Designator=HD1(HED2)
Add component (AddParameter): Name = "Value"; Value = "Header 2"; VariantName = "[No Variations]"
Added Component: Designator=HD2(HED3)
Add component (AddParameter): Name = "Value"; Value = "Header 3"; VariantName = "[No Variations]"
Added Component: Designator=HD3(HED3)
Add component (AddParameter): Name = "Value"; Value = "Header 3"; VariantName = "[No Variations]"
Added Component: Designator=HD4(HED3)
Add component (AddParameter): Name = "Value"; Value = "Header 3"; VariantName = "[No Variations]"
Added Component: Designator=HD5(HED3)
Add component (AddParameter): Name = "Value"; Value = "Header 3"; VariantName = "[No Variations]"
Added Component: Designator=HD6(HED3)
Add component (AddParameter): Name = "Value"; Value = "Header 3"; VariantName = "[No Variations]"
Added Component: Designator=L2(LED-0805-Red)
Add component (AddParameter): Name = "Chung_Loai"; Value = "Dán"; VariantName = "[No Variations]"
Add component (AddParameter): Name = "Don_Vi"; Value = "Con"; VariantName = "[No Variations]"
Add component (AddParameter): Name = "Ghi_Chu"; Value = ""; VariantName = "[No Variations]"
Add component (AddParameter): Name = "Kieu_Chan"; Value = ""; VariantName = "[No Variations]"
Add component (AddParameter): Name = "Ma_Hang"; Value = "MH000897"; VariantName = "[No Variations]"
Add component (AddParameter): Name = "Ten_Linh_Kien"; Value = "LED 0805 Màu Ð? (Red)"; VariantName = "[No Variations]"
Added Component: Designator=L3(LED-0805-Blue)
Add component (AddParameter): Name = "Chung_Loai"; Value = "Dán"; VariantName = "[No Variations]"
Add component (AddParameter): Name = "Don_Vi"; Value = "Con"; VariantName = "[No Variations]"
Add component (AddParameter): Name = "Ghi_Chu"; Value = ""; VariantName = "[No Variations]"
Add component (AddParameter): Name = "Kieu_Chan"; Value = ""; VariantName = "[No Variations]"
Add component (AddParameter): Name = "Ma_Hang"; Value = "MH002327"; VariantName = "[No Variations]"
Add component (AddParameter): Name = "Ten_Linh_Kien"; Value = "LED 0805 Màu Xanh Duong (Blue)"; VariantName = "[No Variations]"
Added Component: Designator=L4(LED-0805-Blue)
Add component (AddParameter): Name = "Chung_Loai"; Value = "Dán"; VariantName = "[No Variations]"
Add component (AddParameter): Name = "Don_Vi"; Value = "Con"; VariantName = "[No Variations]"
Add component (AddParameter): Name = "Ghi_Chu"; Value = ""; VariantName = "[No Variations]"
Add component (AddParameter): Name = "Kieu_Chan"; Value = ""; VariantName = "[No Variations]"
Add component (AddParameter): Name = "Ma_Hang"; Value = "MH002327"; VariantName = "[No Variations]"
Add component (AddParameter): Name = "Ten_Linh_Kien"; Value = "LED 0805 Màu Xanh Duong (Blue)"; VariantName = "[No Variations]"
Added Component: Designator=L5(LED-0805-Blue)
Add component (AddParameter): Name = "Chung_Loai"; Value = "Dán"; VariantName = "[No Variations]"
Add component (AddParameter): Name = "Don_Vi"; Value = "Con"; VariantName = "[No Variations]"
Add component (AddParameter): Name = "Ghi_Chu"; Value = ""; VariantName = "[No Variations]"
Add component (AddParameter): Name = "Kieu_Chan"; Value = ""; VariantName = "[No Variations]"
Add component (AddParameter): Name = "Ma_Hang"; Value = "MH002327"; VariantName = "[No Variations]"
Add component (AddParameter): Name = "Ten_Linh_Kien"; Value = "LED 0805 Màu Xanh Duong (Blue)"; VariantName = "[No Variations]"
Added Component: Designator=L6(LED-0805-Blue)
Add component (AddParameter): Name = "Chung_Loai"; Value = "Dán"; VariantName = "[No Variations]"
Add component (AddParameter): Name = "Don_Vi"; Value = "Con"; VariantName = "[No Variations]"
Add component (AddParameter): Name = "Ghi_Chu"; Value = ""; VariantName = "[No Variations]"
Add component (AddParameter): Name = "Kieu_Chan"; Value = ""; VariantName = "[No Variations]"
Add component (AddParameter): Name = "Ma_Hang"; Value = "MH002327"; VariantName = "[No Variations]"
Add component (AddParameter): Name = "Ten_Linh_Kien"; Value = "LED 0805 Màu Xanh Duong (Blue)"; VariantName = "[No Variations]"
Added Component: Designator=L7(LED-0805-Blue)
Add component (AddParameter): Name = "Chung_Loai"; Value = "Dán"; VariantName = "[No Variations]"
Add component (AddParameter): Name = "Don_Vi"; Value = "Con"; VariantName = "[No Variations]"
Add component (AddParameter): Name = "Ghi_Chu"; Value = ""; VariantName = "[No Variations]"
Add component (AddParameter): Name = "Kieu_Chan"; Value = ""; VariantName = "[No Variations]"
Add component (AddParameter): Name = "Ma_Hang"; Value = "MH002327"; VariantName = "[No Variations]"
Add component (AddParameter): Name = "Ten_Linh_Kien"; Value = "LED 0805 Màu Xanh Duong (Blue)"; VariantName = "[No Variations]"
Added Component: Designator=PS(Nguon HI-LINK 5M05)
Add component (AddParameter): Name = "Availability"; Value = "Unavailable"; VariantName = "[No Variations]"
Add component (AddParameter): Name = "MF"; Value = "Hi-link"; VariantName = "[No Variations]"
Add component (AddParameter): Name = "MP"; Value = "HLK-5M05"; VariantName = "[No Variations]"
Add component (AddParameter): Name = "Package"; Value = "Package Analog Devices"; VariantName = "[No Variations]"
Add component (AddParameter): Name = "Price"; Value = "None"; VariantName = "[No Variations]"
Add component (AddParameter): Name = "SnapEDA_Link"; Value = "https://www.snapeda.com/parts/HLK-5M05/Hi-link/view-part/2758659/?ref=snap"; VariantName = "[No Variations]"
Add component (AddParameter): Name = "Value"; Value = ""; VariantName = "[No Variations]"
Added Component: Designator=Q1(SOT-23)
Add component (AddParameter): Name = "Value"; Value = "C9014"; VariantName = "[No Variations]"
Added Component: Designator=Q2(SOT-23)
Add component (AddParameter): Name = "Value"; Value = "C9014"; VariantName = "[No Variations]"
Added Component: Designator=Q3(SOT-23)
Add component (AddParameter): Name = "Value"; Value = "C9014"; VariantName = "[No Variations]"
Added Component: Designator=Q4(SOT-23)
Add component (AddParameter): Name = "Value"; Value = "C9014"; VariantName = "[No Variations]"
Added Component: Designator=Q5(SOT-23)
Add component (AddParameter): Name = "Value"; Value = "C9014"; VariantName = "[No Variations]"
Added Component: Designator=R1(SM-RES-1206)
Add component (AddParameter): Name = "Value"; Value = "R1/4W - 1K"; VariantName = "[No Variations]"
Added Component: Designator=R2(SM-RES-1206)
Add component (AddParameter): Name = "Value"; Value = "R1/4W - 1K"; VariantName = "[No Variations]"
Added Component: Designator=R3(SM-RES-1206)
Add component (AddParameter): Name = "Value"; Value = "R1/4W - 1K"; VariantName = "[No Variations]"
Added Component: Designator=R4(SM-RES-1206)
Add component (AddParameter): Name = "Value"; Value = "R1/4W - 1K"; VariantName = "[No Variations]"
Added Component: Designator=R5(SM-RES-1206)
Add component (AddParameter): Name = "Value"; Value = "R1/4W - 1K"; VariantName = "[No Variations]"
Added Component: Designator=R6(SM-RES-1206)
Add component (AddParameter): Name = "Value"; Value = "R1/4W - 1K"; VariantName = "[No Variations]"
Added Component: Designator=R7(SM-RES-1206)
Add component (AddParameter): Name = "Value"; Value = "R1/4W - 1K"; VariantName = "[No Variations]"
Added Component: Designator=R8(SM-RES-1206)
Add component (AddParameter): Name = "Value"; Value = "R1/4W - 1K"; VariantName = "[No Variations]"
Added Component: Designator=R9(SM-RES-1206)
Add component (AddParameter): Name = "Value"; Value = "R1/4W - 1K"; VariantName = "[No Variations]"
Added Component: Designator=R10(SM-RES-1206)
Add component (AddParameter): Name = "Value"; Value = "R1/4W - 1K"; VariantName = "[No Variations]"
Added Component: Designator=R11(SM-RES-1206)
Add component (AddParameter): Name = "Value"; Value = "R1/4W - 1K"; VariantName = "[No Variations]"
Added Component: Designator=R12(SM-RES-1206)
Add component (AddParameter): Name = "Value"; Value = "R1/4W - 1K"; VariantName = "[No Variations]"
Added Component: Designator=R13(SM-RES-1206)
Add component (AddParameter): Name = "Value"; Value = "R1/4W - 1K"; VariantName = "[No Variations]"
Added Component: Designator=R14(SM-RES-1206)
Add component (AddParameter): Name = "Value"; Value = "R1/4W - 1K"; VariantName = "[No Variations]"
Added Component: Designator=R15(SM-RES-1206)
Add component (AddParameter): Name = "Value"; Value = "R1/4W - 1K"; VariantName = "[No Variations]"
Added Component: Designator=R16(SM-RES-1206)
Add component (AddParameter): Name = "Value"; Value = "R1/4W - 1K"; VariantName = "[No Variations]"
Added Component: Designator=RL_LAMP1(RL_SPDT_10A)
Add component (AddParameter): Name = "Value"; Value = "Relay SPDT, 10A, 12V"; VariantName = "[No Variations]"
Added Component: Designator=RL_LAMP2(RL_SPDT_10A)
Add component (AddParameter): Name = "Value"; Value = "Relay SPDT, 10A, 12V"; VariantName = "[No Variations]"
Added Component: Designator=RL_LAMP3(RL_SPDT_10A)
Add component (AddParameter): Name = "Value"; Value = "Relay SPDT, 10A, 12V"; VariantName = "[No Variations]"
Added Component: Designator=RL_LAMP4(RL_SPDT_10A)
Add component (AddParameter): Name = "Value"; Value = "Relay SPDT, 10A, 12V"; VariantName = "[No Variations]"
Added Component: Designator=RL_LAMP5(RL_SPDT_10A)
Add component (AddParameter): Name = "Value"; Value = "Relay SPDT, 10A, 12V"; VariantName = "[No Variations]"
Added Component: Designator=T? l?c(CAPM50P720300X650_VERT)
Add component (AddParameter): Name = "ComponentLink1Description"; Value = "http://www.epcos.com/inf/20/20/db/fc_2009/MKT_B32520_529.pdf"; VariantName = "[No Variations]"
Add component (AddParameter): Name = "ComponentLink1URL"; Value = "http://www.epcos.com/inf/20/20/db/fc_2009/MKT_B32520_529.pdf"; VariantName = "[No Variations]"
Add component (AddParameter): Name = "Height - Seated (Max)"; Value = "6.50mm"; VariantName = "[No Variations]"
Add component (AddParameter): Name = "Lead Spacing"; Value = "5.00mm"; VariantName = "[No Variations]"
Add component (AddParameter): Name = "Manufacturer 1"; Value = "EPCOS Inc"; VariantName = "[No Variations]"
Add component (AddParameter): Name = "Manufacturer Part Number 1"; Value = "B32529C334K"; VariantName = "[No Variations]"
Add component (AddParameter): Name = "Material"; Value = "Metallized Polyester"; VariantName = "[No Variations]"
Add component (AddParameter): Name = "Operating Temperature"; Value = "-55°C ~ 125°C"; VariantName = "[No Variations]"
Add component (AddParameter): Name = "Package / Case"; Value = "Radial"; VariantName = "[No Variations]"
Add component (AddParameter): Name = "Ratings"; Value = "63VDC; 40VAC"; VariantName = "[No Variations]"
Add component (AddParameter): Name = "SCDType"; Value = "source"; VariantName = "[No Variations]"
Add component (AddParameter): Name = "Size / Dimension"; Value = "7.20mm L x 3.00mm W max"; VariantName = "[No Variations]"
Add component (AddParameter): Name = "Supplier 1"; Value = "Digi-Key"; VariantName = "[No Variations]"
Add component (AddParameter): Name = "Supplier Part Number 1"; Value = "495-2548-ND"; VariantName = "[No Variations]"
Add component (AddParameter): Name = "Tolerance"; Value = "±10%"; VariantName = "[No Variations]"
Add component (AddParameter): Name = "Value"; Value = "0.1uF/275V"; VariantName = "[No Variations]"
Added Component: Designator=U1(DIP4/W0.3)
Add component (AddParameter): Name = "Value"; Value = "PC817"; VariantName = "[No Variations]"
Added Component: Designator=U2(DIP4/W0.3)
Add component (AddParameter): Name = "Value"; Value = "PC817"; VariantName = "[No Variations]"
Added Component: Designator=U3(DIP4/W0.3)
Add component (AddParameter): Name = "Value"; Value = "PC817"; VariantName = "[No Variations]"
Added Component: Designator=U4(DIP4/W0.3)
Add component (AddParameter): Name = "Value"; Value = "PC817"; VariantName = "[No Variations]"
Added Component: Designator=U5(DIP4/W0.3)
Add component (AddParameter): Name = "Value"; Value = "PC817"; VariantName = "[No Variations]"
Added Component: Designator=Varistor(103/2KV)
Added Pin To Net: NetName=+5 Pin=*-19
Added Pin To Net: NetName=+5 Pin=C1-1
Added Pin To Net: NetName=+5 Pin=D1-K
Added Pin To Net: NetName=+5 Pin=D2-K
Added Pin To Net: NetName=+5 Pin=D3-K
Added Pin To Net: NetName=+5 Pin=D4-K
Added Pin To Net: NetName=+5 Pin=D5-K
Added Pin To Net: NetName=+5 Pin=H1-2
Added Pin To Net: NetName=+5 Pin=H2-4
Added Pin To Net: NetName=+5 Pin=H3-4
Added Pin To Net: NetName=+5 Pin=H4-4
Added Pin To Net: NetName=+5 Pin=H5-4
Added Pin To Net: NetName=+5 Pin=PS-4
Added Pin To Net: NetName=+5 Pin=R1-1
Added Pin To Net: NetName=+5 Pin=R2-1
Added Pin To Net: NetName=+5 Pin=R3-1
Added Pin To Net: NetName=+5 Pin=R5-1
Added Pin To Net: NetName=+5 Pin=R6-1
Added Pin To Net: NetName=+5 Pin=R8-1
Added Pin To Net: NetName=+5 Pin=R9-1
Added Pin To Net: NetName=+5 Pin=R11-1
Added Pin To Net: NetName=+5 Pin=R12-1
Added Pin To Net: NetName=+5 Pin=R14-1
Added Pin To Net: NetName=+5 Pin=R15-1
Added Pin To Net: NetName=+5 Pin=RL_LAMP1-5
Added Pin To Net: NetName=+5 Pin=RL_LAMP2-5
Added Pin To Net: NetName=+5 Pin=RL_LAMP3-5
Added Pin To Net: NetName=+5 Pin=RL_LAMP4-5
Added Pin To Net: NetName=+5 Pin=RL_LAMP5-5
Added Pin To Net: NetName=+5 Pin=U1-4
Added Pin To Net: NetName=+5 Pin=U2-4
Added Pin To Net: NetName=+5 Pin=U3-4
Added Pin To Net: NetName=+5 Pin=U4-4
Added Pin To Net: NetName=+5 Pin=U5-4
Added Net: Name=+5
Added Pin To Net: NetName=ADC1 Pin=*-5
Added Pin To Net: NetName=ADC1 Pin=H5-2
Added Net: Name=ADC1
Added Pin To Net: NetName=ADC2 Pin=*-6
Added Pin To Net: NetName=ADC2 Pin=H2-2
Added Net: Name=ADC2
Added Pin To Net: NetName=ADC3 Pin=*-7
Added Pin To Net: NetName=ADC3 Pin=H3-2
Added Net: Name=ADC3
Added Pin To Net: NetName=ADC4 Pin=*-8
Added Pin To Net: NetName=ADC4 Pin=H4-2
Added Net: Name=ADC4
Added Pin To Net: NetName=GND Pin=*-18
Added Pin To Net: NetName=GND Pin=BT1-2
Added Pin To Net: NetName=GND Pin=BT1-2
Added Pin To Net: NetName=GND Pin=BT2-2
Added Pin To Net: NetName=GND Pin=BT2-2
Added Pin To Net: NetName=GND Pin=BT3-2
Added Pin To Net: NetName=GND Pin=BT3-2
Added Pin To Net: NetName=GND Pin=BT4-2
Added Pin To Net: NetName=GND Pin=BT4-2
Added Pin To Net: NetName=GND Pin=BT5-2
Added Pin To Net: NetName=GND Pin=BT5-2
Added Pin To Net: NetName=GND Pin=H1-1
Added Pin To Net: NetName=GND Pin=H2-3
Added Pin To Net: NetName=GND Pin=H3-3
Added Pin To Net: NetName=GND Pin=H4-3
Added Pin To Net: NetName=GND Pin=H5-3
Added Pin To Net: NetName=GND Pin=L2-2
Added Pin To Net: NetName=GND Pin=Q1-2
Added Pin To Net: NetName=GND Pin=Q2-2
Added Pin To Net: NetName=GND Pin=Q3-2
Added Pin To Net: NetName=GND Pin=Q4-2
Added Pin To Net: NetName=GND Pin=Q5-2
Added Net: Name=GND
Added Pin To Net: NetName=GPIO0 Pin=*-25
Added Pin To Net: NetName=GPIO0 Pin=H4-1
Added Net: Name=GPIO0
Added Pin To Net: NetName=GPIO2 Pin=*-24
Added Pin To Net: NetName=GPIO2 Pin=H2-1
Added Net: Name=GPIO2
Added Pin To Net: NetName=GPIO4 Pin=*-26
Added Pin To Net: NetName=GPIO4 Pin=H3-1
Added Net: Name=GPIO4
Added Pin To Net: NetName=GPIO5 Pin=*-29
Added Pin To Net: NetName=GPIO5 Pin=L5-2
Added Net: Name=GPIO5
Added Pin To Net: NetName=GPIO12 Pin=*-13
Added Pin To Net: NetName=GPIO12 Pin=BT5-1
Added Pin To Net: NetName=GPIO12 Pin=BT5-1
Added Pin To Net: NetName=GPIO12 Pin=R15-2
Added Net: Name=GPIO12
Added Pin To Net: NetName=GPIO14 Pin=*-12
Added Pin To Net: NetName=GPIO14 Pin=BT4-1
Added Pin To Net: NetName=GPIO14 Pin=BT4-1
Added Pin To Net: NetName=GPIO14 Pin=R12-2
Added Net: Name=GPIO14
Added Pin To Net: NetName=GPIO15 Pin=*-23
Added Pin To Net: NetName=GPIO15 Pin=H5-1
Added Net: Name=GPIO15
Added Pin To Net: NetName=GPIO16 Pin=*-27
Added Pin To Net: NetName=GPIO16 Pin=L7-2
Added Net: Name=GPIO16
Added Pin To Net: NetName=GPIO17 Pin=*-28
Added Pin To Net: NetName=GPIO17 Pin=L6-2
Added Net: Name=GPIO17
Added Pin To Net: NetName=GPIO18 Pin=*-30
Added Pin To Net: NetName=GPIO18 Pin=L4-2
Added Net: Name=GPIO18
Added Pin To Net: NetName=GPIO19 Pin=*-31
Added Pin To Net: NetName=GPIO19 Pin=L3-2
Added Net: Name=GPIO19
Added Pin To Net: NetName=GPIO25 Pin=*-9
Added Pin To Net: NetName=GPIO25 Pin=BT1-1
Added Pin To Net: NetName=GPIO25 Pin=BT1-1
Added Pin To Net: NetName=GPIO25 Pin=R3-2
Added Net: Name=GPIO25
Added Pin To Net: NetName=GPIO26 Pin=*-10
Added Pin To Net: NetName=GPIO26 Pin=BT2-1
Added Pin To Net: NetName=GPIO26 Pin=BT2-1
Added Pin To Net: NetName=GPIO26 Pin=R6-2
Added Net: Name=GPIO26
Added Pin To Net: NetName=GPIO27 Pin=*-11
Added Pin To Net: NetName=GPIO27 Pin=BT3-1
Added Pin To Net: NetName=GPIO27 Pin=BT3-1
Added Pin To Net: NetName=GPIO27 Pin=R9-2
Added Net: Name=GPIO27
Added Pin To Net: NetName=NetC1_2 Pin=C1-2
Added Pin To Net: NetName=NetC1_2 Pin=PS-3
Added Net: Name=NetC1_2
Added Pin To Net: NetName=NetD1_A Pin=D1-A
Added Pin To Net: NetName=NetD1_A Pin=Q1-3
Added Pin To Net: NetName=NetD1_A Pin=RL_LAMP1-4
Added Net: Name=NetD1_A
Added Pin To Net: NetName=NetD2_A Pin=D2-A
Added Pin To Net: NetName=NetD2_A Pin=Q2-3
Added Pin To Net: NetName=NetD2_A Pin=RL_LAMP2-4
Added Net: Name=NetD2_A
Added Pin To Net: NetName=NetD3_A Pin=D3-A
Added Pin To Net: NetName=NetD3_A Pin=Q3-3
Added Pin To Net: NetName=NetD3_A Pin=RL_LAMP3-4
Added Net: Name=NetD3_A
Added Pin To Net: NetName=NetD4_A Pin=D4-A
Added Pin To Net: NetName=NetD4_A Pin=Q4-3
Added Pin To Net: NetName=NetD4_A Pin=RL_LAMP4-4
Added Net: Name=NetD4_A
Added Pin To Net: NetName=NetD5_A Pin=D5-A
Added Pin To Net: NetName=NetD5_A Pin=Q5-3
Added Pin To Net: NetName=NetD5_A Pin=RL_LAMP5-4
Added Net: Name=NetD5_A
Added Pin To Net: NetName=NetF1_1 Pin=F1-1
Added Pin To Net: NetName=NetF1_1 Pin=F1-1
Added Pin To Net: NetName=NetF1_1 Pin=HD1-2
Added Net: Name=NetF1_1
Added Pin To Net: NetName=NetF1_2 Pin=F1-2
Added Pin To Net: NetName=NetF1_2 Pin=F1-2
Added Pin To Net: NetName=NetF1_2 Pin=T? l?c-1
Added Pin To Net: NetName=NetF1_2 Pin=Varistor-2
Added Net: Name=NetF1_2
Added Pin To Net: NetName=NetHD1_1 Pin=HD1-1
Added Pin To Net: NetName=NetHD1_1 Pin=T? l?c-2
Added Pin To Net: NetName=NetHD1_1 Pin=Varistor-1
Added Net: Name=NetHD1_1
Added Pin To Net: NetName=NetHD2_1 Pin=HD2-1
Added Pin To Net: NetName=NetHD2_1 Pin=RL_LAMP1-2
Added Net: Name=NetHD2_1
Added Pin To Net: NetName=NetHD2_2 Pin=HD2-2
Added Pin To Net: NetName=NetHD2_2 Pin=RL_LAMP1-1
Added Net: Name=NetHD2_2
Added Pin To Net: NetName=NetHD2_3 Pin=HD2-3
Added Pin To Net: NetName=NetHD2_3 Pin=RL_LAMP1-3
Added Net: Name=NetHD2_3
Added Pin To Net: NetName=NetHD3_1 Pin=HD3-1
Added Pin To Net: NetName=NetHD3_1 Pin=RL_LAMP2-2
Added Net: Name=NetHD3_1
Added Pin To Net: NetName=NetHD3_2 Pin=HD3-2
Added Pin To Net: NetName=NetHD3_2 Pin=RL_LAMP2-1
Added Net: Name=NetHD3_2
Added Pin To Net: NetName=NetHD3_3 Pin=HD3-3
Added Pin To Net: NetName=NetHD3_3 Pin=RL_LAMP2-3
Added Net: Name=NetHD3_3
Added Pin To Net: NetName=NetHD4_1 Pin=HD4-1
Added Pin To Net: NetName=NetHD4_1 Pin=RL_LAMP3-2
Added Net: Name=NetHD4_1
Added Pin To Net: NetName=NetHD4_2 Pin=HD4-2
Added Pin To Net: NetName=NetHD4_2 Pin=RL_LAMP3-1
Added Net: Name=NetHD4_2
Added Pin To Net: NetName=NetHD4_3 Pin=HD4-3
Added Pin To Net: NetName=NetHD4_3 Pin=RL_LAMP3-3
Added Net: Name=NetHD4_3
Added Pin To Net: NetName=NetHD5_1 Pin=HD5-1
Added Pin To Net: NetName=NetHD5_1 Pin=RL_LAMP4-2
Added Net: Name=NetHD5_1
Added Pin To Net: NetName=NetHD5_2 Pin=HD5-2
Added Pin To Net: NetName=NetHD5_2 Pin=RL_LAMP4-1
Added Net: Name=NetHD5_2
Added Pin To Net: NetName=NetHD5_3 Pin=HD5-3
Added Pin To Net: NetName=NetHD5_3 Pin=RL_LAMP4-3
Added Net: Name=NetHD5_3
Added Pin To Net: NetName=NetHD6_1 Pin=HD6-1
Added Pin To Net: NetName=NetHD6_1 Pin=RL_LAMP5-2
Added Net: Name=NetHD6_1
Added Pin To Net: NetName=NetHD6_2 Pin=HD6-2
Added Pin To Net: NetName=NetHD6_2 Pin=RL_LAMP5-1
Added Net: Name=NetHD6_2
Added Pin To Net: NetName=NetHD6_3 Pin=HD6-3
Added Pin To Net: NetName=NetHD6_3 Pin=RL_LAMP5-3
Added Net: Name=NetHD6_3
Added Pin To Net: NetName=NetL1_1 Pin=PS-2
Added Net: Name=NetL1_1
Added Pin To Net: NetName=NetL1_2 Pin=PS-1
Added Net: Name=NetL1_2
Added Pin To Net: NetName=NetL2_1 Pin=L2-1
Added Pin To Net: NetName=NetL2_1 Pin=R1-2
Added Net: Name=NetL2_1
Added Pin To Net: NetName=NetL3_1 Pin=L3-1
Added Pin To Net: NetName=NetL3_1 Pin=U1-2
Added Net: Name=NetL3_1
Added Pin To Net: NetName=NetL4_1 Pin=L4-1
Added Pin To Net: NetName=NetL4_1 Pin=U2-2
Added Net: Name=NetL4_1
Added Pin To Net: NetName=NetL5_1 Pin=L5-1
Added Pin To Net: NetName=NetL5_1 Pin=U3-2
Added Net: Name=NetL5_1
Added Pin To Net: NetName=NetL6_1 Pin=L6-1
Added Pin To Net: NetName=NetL6_1 Pin=U4-2
Added Net: Name=NetL6_1
Added Pin To Net: NetName=NetL7_1 Pin=L7-1
Added Pin To Net: NetName=NetL7_1 Pin=U5-2
Added Net: Name=NetL7_1
Added Pin To Net: NetName=NetQ1_1 Pin=Q1-1
Added Pin To Net: NetName=NetQ1_1 Pin=R4-1
Added Net: Name=NetQ1_1
Added Pin To Net: NetName=NetQ2_1 Pin=Q2-1
Added Pin To Net: NetName=NetQ2_1 Pin=R7-1
Added Net: Name=NetQ2_1
Added Pin To Net: NetName=NetQ3_1 Pin=Q3-1
Added Pin To Net: NetName=NetQ3_1 Pin=R10-1
Added Net: Name=NetQ3_1
Added Pin To Net: NetName=NetQ4_1 Pin=Q4-1
Added Pin To Net: NetName=NetQ4_1 Pin=R13-1
Added Net: Name=NetQ4_1
Added Pin To Net: NetName=NetQ5_1 Pin=Q5-1
Added Pin To Net: NetName=NetQ5_1 Pin=R16-1
Added Net: Name=NetQ5_1
Added Pin To Net: NetName=NetR2_2 Pin=R2-2
Added Pin To Net: NetName=NetR2_2 Pin=U1-1
Added Net: Name=NetR2_2
Added Pin To Net: NetName=NetR4_2 Pin=R4-2
Added Pin To Net: NetName=NetR4_2 Pin=U1-3
Added Net: Name=NetR4_2
Added Pin To Net: NetName=NetR5_2 Pin=R5-2
Added Pin To Net: NetName=NetR5_2 Pin=U2-1
Added Net: Name=NetR5_2
Added Pin To Net: NetName=NetR7_2 Pin=R7-2
Added Pin To Net: NetName=NetR7_2 Pin=U2-3
Added Net: Name=NetR7_2
Added Pin To Net: NetName=NetR8_2 Pin=R8-2
Added Pin To Net: NetName=NetR8_2 Pin=U3-1
Added Net: Name=NetR8_2
Added Pin To Net: NetName=NetR10_2 Pin=R10-2
Added Pin To Net: NetName=NetR10_2 Pin=U3-3
Added Net: Name=NetR10_2
Added Pin To Net: NetName=NetR11_2 Pin=R11-2
Added Pin To Net: NetName=NetR11_2 Pin=U4-1
Added Net: Name=NetR11_2
Added Pin To Net: NetName=NetR13_2 Pin=R13-2
Added Pin To Net: NetName=NetR13_2 Pin=U4-3
Added Net: Name=NetR13_2
Added Pin To Net: NetName=NetR14_2 Pin=R14-2
Added Pin To Net: NetName=NetR14_2 Pin=U5-1
Added Net: Name=NetR14_2
Added Pin To Net: NetName=NetR16_2 Pin=R16-2
Added Pin To Net: NetName=NetR16_2 Pin=U5-3
Added Net: Name=NetR16_2
Added Pin To Net: NetName=SCL Pin=*-36
Added Pin To Net: NetName=SCL Pin=H1-3
Added Net: Name=SCL
Added Pin To Net: NetName=SDA Pin=*-33
Added Pin To Net: NetName=SDA Pin=H1-4
Added Net: Name=SDA
Added Class: Name=SMHome_SDNL
Added Room: Name=SMHome_SDNL
