Removed Pin From Net: NetName=GPIO25 Pin=BT1-1
Removed Pin From Net: NetName=GPIO25 Pin=BT1-1
Removed Pin From Net: NetName=GPIO26 Pin=BT2-1
Removed Pin From Net: NetName=GPIO26 Pin=BT2-1
Removed Pin From Net: NetName=GPIO27 Pin=BT3-1
Removed Pin From Net: NetName=GPIO27 Pin=BT3-1
Removed Pin From Net: NetName=GPIO14 Pin=BT4-1
Removed Pin From Net: NetName=GPIO14 Pin=BT4-1
Removed Pin From Net: NetName=GPIO2 Pin=H2-1
Removed Pin From Net: NetName=ADC2 Pin=H2-2
Removed Pin From Net: NetName=GPIO4 Pin=H3-1
Removed Pin From Net: NetName=ADC3 Pin=H3-2
Removed Pin From Net: NetName=GPIO0 Pin=H4-1
Removed Pin From Net: NetName=ADC4 Pin=H4-2
Removed Pin From Net: NetName=GPIO15 Pin=H5-1
Removed Pin From Net: NetName=ADC1 Pin=H5-2
Removed Pin From Net: NetName=GPIO19 Pin=L3-2
Removed Pin From Net: NetName=GPIO18 Pin=L4-2
Removed Pin From Net: NetName=GPIO5 Pin=L5-2
Removed Pin From Net: NetName=GPIO17 Pin=L6-2
Removed Pin From Net: NetName=GPIO16 Pin=L7-2
Removed Pin From Net: NetName=GPIO25 Pin=R3-2
Removed Pin From Net: NetName=GPIO26 Pin=R6-2
Removed Pin From Net: NetName=GPIO27 Pin=R9-2
Removed Pin From Net: NetName=GPIO14 Pin=R12-2
Added Pin To Net: NetName=GPIO16 Pin=BT1-1
Added Pin To Net: NetName=GPIO16 Pin=BT1-1
Added Pin To Net: NetName=GPIO4 Pin=BT2-1
Added Pin To Net: NetName=GPIO4 Pin=BT2-1
Added Pin To Net: NetName=GPIO0 Pin=BT3-1
Added Pin To Net: NetName=GPIO0 Pin=BT3-1
Added Pin To Net: NetName=GPIO2 Pin=BT4-1
Added Pin To Net: NetName=GPIO2 Pin=BT4-1
Added Pin To Net: NetName=GPIO15 Pin=BT5-1
Added Pin To Net: NetName=GPIO15 Pin=BT5-1
Added Pin To Net: NetName=GPIO25 Pin=H2-1
Added Pin To Net: NetName=ADC1 Pin=H2-2
Added Pin To Net: NetName=GPIO26 Pin=H3-1
Added Pin To Net: NetName=ADC2 Pin=H3-2
Added Pin To Net: NetName=GPIO27 Pin=H4-1
Added Pin To Net: NetName=ADC3 Pin=H4-2
Added Pin To Net: NetName=GPIO14 Pin=H5-1
Added Pin To Net: NetName=ADC4 Pin=H5-2
Added Pin To Net: NetName=GPIO19 Pin=L4-2
Added Pin To Net: NetName=GPIO18 Pin=L5-2
Added Pin To Net: NetName=GPIO5 Pin=L6-2
Added Pin To Net: NetName=GPIO17 Pin=L7-2
Added Pin To Net: NetName=GPIO16 Pin=R3-2
Added Pin To Net: NetName=GPIO4 Pin=R6-2
Added Pin To Net: NetName=GPIO0 Pin=R9-2
Added Pin To Net: NetName=GPIO2 Pin=R12-2
Added Pin To Net: NetName=GPIO15 Pin=R15-2
Added Pin To Net: NetName=GPIO23 Pin=*-37
Added Pin To Net: NetName=GPIO23 Pin=L3-2
Added Net: Name=GPIO23
Added Room: Name=SMHome_SDNL
